<?xml version="1.0" encoding="UTF-8"?>
<testng-results skipped="0" failed="0" ignored="0" total="1" passed="1">
  <reporter-output>
  </reporter-output>
  <suite name="Suite" duration-ms="10424" started-at="2022-07-05T17:11:44 IST" finished-at="2022-07-05T17:11:55 IST">
    <groups>
    </groups>
    <test name="Test" duration-ms="10424" started-at="2022-07-05T17:11:44 IST" finished-at="2022-07-05T17:11:55 IST">
      <class name="com.testcases.play">
        <test-method status="PASS" signature="setUp()[pri:0, instance:com.testcases.play@35d176f7]" name="setUp" is-config="true" duration-ms="6365" started-at="2022-07-05T17:11:44 IST" finished-at="2022-07-05T17:11:51 IST">
          <reporter-output>
          </reporter-output>
        </test-method> <!-- setUp -->
        <test-method status="PASS" signature="launch()[pri:0, instance:com.testcases.play@35d176f7]" name="launch" duration-ms="4024" started-at="2022-07-05T17:11:51 IST" finished-at="2022-07-05T17:11:55 IST">
          <reporter-output>
          </reporter-output>
        </test-method> <!-- launch -->
      </class> <!-- com.testcases.play -->
    </test> <!-- Test -->
  </suite> <!-- Suite -->
</testng-results>
